<?xml version="1.0" encoding="UTF-8"?>
<!-- Generated by org.testng.reporters.JUnitReportReporter -->
<testsuite skipped="0" hostname="BDC6-DX-3QB8N62" name="com.tests.Actions2" tests="1" failures="0" timestamp="19 Apr 2019 06:26:48 GMT" time="8.236" errors="0">
  <testcase name="testTestmeapp" time="8.236" classname="com.tests.Actions2"/>
</testsuite> <!-- com.tests.Actions2 -->
