<?xml version="1.0" encoding="UTF-8"?>
<!-- Generated by org.testng.reporters.JUnitReportReporter -->
<testsuite skipped="0" hostname="BDC6-DX-3QB8N62" name="com.tests.Googlehomepage" tests="1" failures="0" timestamp="17 Apr 2019 04:47:00 GMT" time="11.925" errors="0">
  <testcase name="testgooglehomepage" time="11.925" classname="com.tests.Googlehomepage"/>
</testsuite> <!-- com.tests.Googlehomepage -->
