<?xml version="1.0" encoding="UTF-8"?>
<!-- Generated by org.testng.reporters.JUnitReportReporter -->
<testsuite skipped="0" hostname="BDC6-DX-3QB8N62" name="com.tests.TestDrag" tests="1" failures="0" timestamp="19 Apr 2019 08:14:14 GMT" time="13.755" errors="0">
  <testcase name="testDD" time="13.755" classname="com.tests.TestDrag"/>
</testsuite> <!-- com.tests.TestDrag -->
