<?xml version="1.0" encoding="UTF-8"?>
<!-- Generated by org.testng.reporters.JUnitReportReporter -->
<testsuite skipped="0" hostname="BDC6-DX-3QB8N62" name="com.tests.TestExtentReporter" tests="3" failures="0" timestamp="22 Apr 2019 09:08:33 GMT" time="0.014" errors="0">
  <testcase name="Passtest" time="0.006" classname="com.tests.TestExtentReporter"/>
  <testcase name="Failtest" time="0.006" classname="com.tests.TestExtentReporter"/>
  <testcase name="Skiptest" time="0.002" classname="com.tests.TestExtentReporter"/>
</testsuite> <!-- com.tests.TestExtentReporter -->
