<?xml version="1.0" encoding="UTF-8"?>
<!-- Generated by org.testng.reporters.JUnitReportReporter -->
<testsuite skipped="0" hostname="BDC6-DX-3QB8N62" name="com.tests.Registrationnn" tests="1" failures="0" timestamp="23 Apr 2019 02:40:43 GMT" time="8.568" errors="0">
  <testcase name="TestRegistration" time="8.568" classname="com.tests.Registrationnn"/>
</testsuite> <!-- com.tests.Registrationnn -->
