<?xml version="1.0" encoding="UTF-8"?>
<!-- Generated by org.testng.reporters.JUnitReportReporter -->
<testsuite skipped="0" hostname="BDC6-DX-3QB8N62" name="com.tests.ReadDataExcel" tests="1" failures="0" timestamp="22 Apr 2019 06:29:39 GMT" time="0.920" errors="0">
  <testcase name="testReadDataExcel" time="0.920" classname="com.tests.ReadDataExcel"/>
</testsuite> <!-- com.tests.ReadDataExcel -->
