<?xml version="1.0" encoding="UTF-8"?>
<!-- Generated by org.testng.reporters.JUnitReportReporter -->
<testsuite skipped="0" hostname="BDC6-DX-3QB8N62" name="com.tests.Switchto" tests="1" failures="0" timestamp="19 Apr 2019 11:21:24 GMT" time="8.880" errors="0">
  <testcase name="switchto" time="8.880" classname="com.tests.Switchto"/>
</testsuite> <!-- com.tests.Switchto -->
